<?xml version="1.0" encoding="UTF-8"?>
<testng-results ignored="0" total="2" passed="2" failed="0" skipped="0">
  <reporter-output>
  </reporter-output>
  <suite started-at="2024-10-17T05:38:05 IST" name="Default suite" finished-at="2024-10-17T05:38:17 IST" duration-ms="12818">
    <groups>
      <group name="cucumber">
        <method signature="AbstractTestNGCucumberTests.runScenario(io.cucumber.testng.PickleWrapper,io.cucumber.testng.FeatureWrapper)[pri:0, instance:cucumber.Cucumber_runner@217ed35e]" name="runScenario" class="io.cucumber.testng.AbstractTestNGCucumberTests"/>
      </group> <!-- cucumber -->
    </groups>
    <test started-at="2024-10-17T05:38:05 IST" name="Default test" finished-at="2024-10-17T05:38:17 IST" duration-ms="12818">
      <class name="cucumber.Cucumber_runner">
        <test-method is-config="true" signature="setUpClass(org.testng.ITestContext)[pri:0, instance:cucumber.Cucumber_runner@217ed35e]" started-at="2024-10-17T05:38:05 IST" name="setUpClass" finished-at="2024-10-17T05:38:05 IST" duration-ms="345" status="PASS">
          <params>
            <param index="0">
              <value>
                <![CDATA[org.testng.TestRunner@44be69aa]]>
              </value>
            </param>
          </params>
          <reporter-output>
          </reporter-output>
        </test-method> <!-- setUpClass -->
        <test-method signature="runScenario(io.cucumber.testng.PickleWrapper,io.cucumber.testng.FeatureWrapper)[pri:0, instance:cucumber.Cucumber_runner@217ed35e]" started-at="2024-10-17T05:38:05 IST" name="runScenario" description="Runs Cucumber Scenarios" data-provider="scenarios" finished-at="2024-10-17T05:38:11 IST" duration-ms="6375" status="PASS">
          <params>
            <param index="0">
              <value>
                <![CDATA["Postive test to submit the order"]]>
              </value>
            </param>
            <param index="1">
              <value>
                <![CDATA["Purchace order from Ecommerce website"]]>
              </value>
            </param>
          </params>
          <reporter-output>
          </reporter-output>
        </test-method> <!-- runScenario -->
        <test-method signature="runScenario(io.cucumber.testng.PickleWrapper,io.cucumber.testng.FeatureWrapper)[pri:0, instance:cucumber.Cucumber_runner@217ed35e]" started-at="2024-10-17T05:38:11 IST" name="runScenario" description="Runs Cucumber Scenarios" data-provider="scenarios" finished-at="2024-10-17T05:38:17 IST" duration-ms="6033" status="PASS">
          <params>
            <param index="0">
              <value>
                <![CDATA["Postive test to submit the order"]]>
              </value>
            </param>
            <param index="1">
              <value>
                <![CDATA["Purchace order from Ecommerce website"]]>
              </value>
            </param>
          </params>
          <reporter-output>
          </reporter-output>
        </test-method> <!-- runScenario -->
        <test-method is-config="true" signature="tearDownClass()[pri:0, instance:cucumber.Cucumber_runner@217ed35e]" started-at="2024-10-17T05:38:17 IST" name="tearDownClass" finished-at="2024-10-17T05:38:17 IST" duration-ms="39" status="PASS">
          <reporter-output>
          </reporter-output>
        </test-method> <!-- tearDownClass -->
      </class> <!-- cucumber.Cucumber_runner -->
    </test> <!-- Default test -->
  </suite> <!-- Default suite -->
</testng-results>
